# JRE version: Java(TM) SE Runtime Environment (8.0_181-b13) (build 1.8.0_181-b13)
# Java VM: Java HotSpot(TM) 64-Bit Server VM (25.181-b13 mixed mode windows-amd64 compressed oops)
Heap:
 PSYoungGen      total 43008K, used 40090K [0x0000000780a00000, 0x0000000785180000, 0x00000007c0000000)
  eden space 21504K, 99% used [0x0000000780a00000,0x0000000781ef7e28,0x0000000781f00000)
  from space 21504K, 86% used [0x0000000781f00000,0x000000078312ea28,0x0000000783400000)
  to   space 24064K, 0% used [0x0000000783a00000,0x0000000783a00000,0x0000000785180000)
 ParOldGen       total 52224K, used 36844K [0x0000000701e00000, 0x0000000705100000, 0x0000000780a00000)
  object space 52224K, 70% used [0x0000000701e00000,0x00000007041fb298,0x0000000705100000)
 Metaspace       used 9705K, capacity 10112K, committed 10368K, reserved 1058816K
  class space    used 1044K, capacity 1076K, committed 1152K, reserved 1048576K
GC Heap History (10 events):
Event: 4.186 GC heap before
{Heap before GC invocations=24 (full 4):
 PSYoungGen      total 31232K, used 31220K [0x0000000780a00000, 0x0000000783c00000, 0x00000007c0000000)
  eden space 20480K, 100% used [0x0000000780a00000,0x0000000781e00000,0x0000000781e00000)
  from space 10752K, 99% used [0x0000000781e00000,0x000000078287d078,0x0000000782880000)
  to   space 13312K, 0% used [0x0000000782f00000,0x0000000782f00000,0x0000000783c00000)
 ParOldGen       total 36864K, used 26833K [0x0000000701e00000, 0x0000000704200000, 0x0000000780a00000)
  object space 36864K, 72% used [0x0000000701e00000,0x0000000703834560,0x0000000704200000)
 Metaspace       used 7949K, capacity 8628K, committed 8960K, reserved 1056768K
  class space    used 919K, capacity 944K, committed 1024K, reserved 1048576K
Event: 4.199 GC heap after
Heap after GC invocations=24 (full 4):
 PSYoungGen      total 34304K, used 13303K [0x0000000780a00000, 0x0000000784280000, 0x00000007c0000000)
  eden space 20992K, 0% used [0x0000000780a00000,0x0000000780a00000,0x0000000781e80000)
  from space 13312K, 99% used [0x0000000782f00000,0x0000000783bfdef8,0x0000000783c00000)
  to   space 16896K, 0% used [0x0000000781e80000,0x0000000781e80000,0x0000000782f00000)
 ParOldGen       total 36864K, used 31293K [0x0000000701e00000, 0x0000000704200000, 0x0000000780a00000)
  object space 36864K, 84% used [0x0000000701e00000,0x0000000703c8f668,0x0000000704200000)
 Metaspace       used 7949K, capacity 8628K, committed 8960K, reserved 1056768K
  class space    used 919K, capacity 944K, committed 1024K, reserved 1048576K
}
Event: 4.199 GC heap before
{Heap before GC invocations=25 (full 5):
 PSYoungGen      total 34304K, used 13303K [0x0000000780a00000, 0x0000000784280000, 0x00000007c0000000)
  eden space 20992K, 0% used [0x0000000780a00000,0x0000000780a00000,0x0000000781e80000)
  from space 13312K, 99% used [0x0000000782f00000,0x0000000783bfdef8,0x0000000783c00000)
  to   space 16896K, 0% used [0x0000000781e80000,0x0000000781e80000,0x0000000782f00000)
 ParOldGen       total 36864K, used 31293K [0x0000000701e00000, 0x0000000704200000, 0x0000000780a00000)
  object space 36864K, 84% used [0x0000000701e00000,0x0000000703c8f668,0x0000000704200000)
 Metaspace       used 7949K, capacity 8628K, committed 8960K, reserved 1056768K
  class space    used 919K, capacity 944K, committed 1024K, reserved 1048576K
Event: 4.313 GC heap after
Heap after GC invocations=25 (full 5):
 PSYoungGen      total 34304K, used 6438K [0x0000000780a00000, 0x0000000784280000, 0x00000007c0000000)
  eden space 20992K, 0% used [0x0000000780a00000,0x0000000780a00000,0x0000000781e80000)
  from space 13312K, 48% used [0x0000000782f00000,0x0000000783549998,0x0000000783c00000)
  to   space 16896K, 0% used [0x0000000781e80000,0x0000000781e80000,0x0000000782f00000)
 ParOldGen       total 52224K, used 34715K [0x0000000701e00000, 0x0000000705100000, 0x0000000780a00000)
  object space 52224K, 66% used [0x0000000701e00000,0x0000000703fe6fd8,0x0000000705100000)
 Metaspace       used 7949K, capacity 8628K, committed 8960K, reserved 1056768K
  class space    used 919K, capacity 944K, committed 1024K, reserved 1048576K
}
Event: 4.550 GC heap before
{Heap before GC invocations=26 (full 5):
 PSYoungGen      total 34304K, used 27430K [0x0000000780a00000, 0x0000000784280000, 0x00000007c0000000)
  eden space 20992K, 100% used [0x0000000780a00000,0x0000000781e80000,0x0000000781e80000)
  from space 13312K, 48% used [0x0000000782f00000,0x0000000783549998,0x0000000783c00000)
  to   space 16896K, 0% used [0x0000000781e80000,0x0000000781e80000,0x0000000782f00000)
 ParOldGen       total 52224K, used 34715K [0x0000000701e00000, 0x0000000705100000, 0x0000000780a00000)
  object space 52224K, 66% used [0x0000000701e00000,0x0000000703fe6fd8,0x0000000705100000)
 Metaspace       used 8147K, capacity 8820K, committed 8960K, reserved 1056768K
  class space    used 922K, capacity 944K, committed 1024K, reserved 1048576K
Event: 4.566 GC heap after
Heap after GC invocations=26 (full 5):
 PSYoungGen      total 37888K, used 12664K [0x0000000780a00000, 0x0000000784600000, 0x00000007c0000000)
  eden space 20992K, 0% used [0x0000000780a00000,0x0000000780a00000,0x0000000781e80000)
  from space 16896K, 74% used [0x0000000781e80000,0x0000000782ade1d0,0x0000000782f00000)
  to   space 18432K, 0% used [0x0000000783400000,0x0000000783400000,0x0000000784600000)
 ParOldGen       total 52224K, used 36828K [0x0000000701e00000, 0x0000000705100000, 0x0000000780a00000)
  object space 52224K, 70% used [0x0000000701e00000,0x00000007041f7298,0x0000000705100000)
 Metaspace       used 8147K, capacity 8820K, committed 8960K, reserved 1056768K
  class space    used 922K, capacity 944K, committed 1024K, reserved 1048576K
}
Event: 4.987 GC heap before
{Heap before GC invocations=27 (full 5):
 PSYoungGen      total 37888K, used 33656K [0x0000000780a00000, 0x0000000784600000, 0x00000007c0000000)
  eden space 20992K, 100% used [0x0000000780a00000,0x0000000781e80000,0x0000000781e80000)
  from space 16896K, 74% used [0x0000000781e80000,0x0000000782ade1d0,0x0000000782f00000)
  to   space 18432K, 0% used [0x0000000783400000,0x0000000783400000,0x0000000784600000)
 ParOldGen       total 52224K, used 36828K [0x0000000701e00000, 0x0000000705100000, 0x0000000780a00000)
  object space 52224K, 70% used [0x0000000701e00000,0x00000007041f7298,0x0000000705100000)
 Metaspace       used 8937K, capacity 9344K, committed 9472K, reserved 1058816K
  class space    used 1003K, capacity 1012K, committed 1024K, reserved 1048576K
Event: 5.007 GC heap after
Heap after GC invocations=27 (full 5):
 PSYoungGen      total 39936K, used 17630K [0x0000000780a00000, 0x0000000784c80000, 0x00000007c0000000)
  eden space 21504K, 0% used [0x0000000780a00000,0x0000000780a00000,0x0000000781f00000)
  from space 18432K, 95% used [0x0000000783400000,0x0000000784537a70,0x0000000784600000)
  to   space 21504K, 0% used [0x0000000781f00000,0x0000000781f00000,0x0000000783400000)
 ParOldGen       total 52224K, used 36836K [0x0000000701e00000, 0x0000000705100000, 0x0000000780a00000)
  object space 52224K, 70% used [0x0000000701e00000,0x00000007041f9298,0x0000000705100000)
 Metaspace       used 8937K, capacity 9344K, committed 9472K, reserved 1058816K
  class space    used 1003K, capacity 1012K, committed 1024K, reserved 1048576K
}
Event: 6.631 GC heap before
{Heap before GC invocations=28 (full 5):
 PSYoungGen      total 39936K, used 39134K [0x0000000780a00000, 0x0000000784c80000, 0x00000007c0000000)
  eden space 21504K, 100% used [0x0000000780a00000,0x0000000781f00000,0x0000000781f00000)
  from space 18432K, 95% used [0x0000000783400000,0x0000000784537a70,0x0000000784600000)
  to   space 21504K, 0% used [0x0000000781f00000,0x0000000781f00000,0x0000000783400000)
 ParOldGen       total 52224K, used 36836K [0x0000000701e00000, 0x0000000705100000, 0x0000000780a00000)
  object space 52224K, 70% used [0x0000000701e00000,0x00000007041f9298,0x0000000705100000)
 Metaspace       used 9510K, capacity 9920K, committed 10112K, reserved 1058816K
  class space    used 1044K, capacity 1076K, committed 1152K, reserved 1048576K
Event: 6.649 GC heap after
Heap after GC invocations=28 (full 5):
 PSYoungGen      total 43008K, used 18618K [0x0000000780a00000, 0x0000000785180000, 0x00000007c0000000)
  eden space 21504K, 0% used [0x0000000780a00000,0x0000000780a00000,0x0000000781f00000)
  from space 21504K, 86% used [0x0000000781f00000,0x000000078312ea28,0x0000000783400000)
  to   space 24064K, 0% used [0x0000000783a00000,0x0000000783a00000,0x0000000785180000)
 ParOldGen       total 52224K, used 36844K [0x0000000701e00000, 0x0000000705100000, 0x0000000780a00000)
  object space 52224K, 70% used [0x0000000701e00000,0x00000007041fb298,0x0000000705100000)
 Metaspace       used 9510K, capacity 9920K, committed 10112K, reserved 1058816K
  class space    used 1044K, capacity 1076K, committed 1152K, reserved 1048576K
}

