# JRE version: Java(TM) SE Runtime Environment (8.0_181-b13) (build 1.8.0_181-b13)
# Java VM: Java HotSpot(TM) 64-Bit Server VM (25.181-b13 mixed mode windows-amd64 compressed oops)
Heap:
 PSYoungGen      total 204800K, used 196608K [0x00000000eab00000, 0x00000000f7b00000, 0x0000000100000000)
  eden space 196608K, 100% used [0x00000000eab00000,0x00000000f6b00000,0x00000000f6b00000)
  from space 8192K, 0% used [0x00000000f7300000,0x00000000f7300000,0x00000000f7b00000)
  to   space 8192K, 0% used [0x00000000f6b00000,0x00000000f6b00000,0x00000000f7300000)
 ParOldGen       total 131072K, used 130597K [0x00000000c0000000, 0x00000000c8000000, 0x00000000eab00000)
  object space 131072K, 99% used [0x00000000c0000000,0x00000000c7f897e8,0x00000000c8000000)
 Metaspace       used 6866K, capacity 7384K, committed 7680K, reserved 1056768K
  class space    used 649K, capacity 656K, committed 768K, reserved 1048576K
GC Heap History (10 events):
Event: 4.170 GC heap before
{Heap before GC invocations=5 (full 0):
 PSYoungGen      total 204800K, used 204789K [0x00000000eab00000, 0x00000000f7b00000, 0x0000000100000000)
  eden space 196608K, 100% used [0x00000000eab00000,0x00000000f6b00000,0x00000000f6b00000)
  from space 8192K, 99% used [0x00000000f7300000,0x00000000f7afd610,0x00000000f7b00000)
  to   space 8192K, 0% used [0x00000000f6b00000,0x00000000f6b00000,0x00000000f7300000)
 ParOldGen       total 131072K, used 47996K [0x00000000c0000000, 0x00000000c8000000, 0x00000000eab00000)
  object space 131072K, 36% used [0x00000000c0000000,0x00000000c2edf118,0x00000000c8000000)
 Metaspace       used 6813K, capacity 7320K, committed 7680K, reserved 1056768K
  class space    used 649K, capacity 656K, committed 768K, reserved 1048576K
Event: 4.229 GC heap after
Heap after GC invocations=5 (full 0):
 PSYoungGen      total 204800K, used 8192K [0x00000000eab00000, 0x00000000f7b00000, 0x0000000100000000)
  eden space 196608K, 0% used [0x00000000eab00000,0x00000000eab00000,0x00000000f6b00000)
  from space 8192K, 100% used [0x00000000f6b00000,0x00000000f7300000,0x00000000f7300000)
  to   space 8192K, 0% used [0x00000000f7300000,0x00000000f7300000,0x00000000f7b00000)
 ParOldGen       total 131072K, used 78058K [0x00000000c0000000, 0x00000000c8000000, 0x00000000eab00000)
  object space 131072K, 59% used [0x00000000c0000000,0x00000000c4c3ab38,0x00000000c8000000)
 Metaspace       used 6813K, capacity 7320K, committed 7680K, reserved 1056768K
  class space    used 649K, capacity 656K, committed 768K, reserved 1048576K
}
Event: 5.321 GC heap before
{Heap before GC invocations=6 (full 0):
 PSYoungGen      total 204800K, used 204800K [0x00000000eab00000, 0x00000000f7b00000, 0x0000000100000000)
  eden space 196608K, 100% used [0x00000000eab00000,0x00000000f6b00000,0x00000000f6b00000)
  from space 8192K, 100% used [0x00000000f6b00000,0x00000000f7300000,0x00000000f7300000)
  to   space 8192K, 0% used [0x00000000f7300000,0x00000000f7300000,0x00000000f7b00000)
 ParOldGen       total 131072K, used 78058K [0x00000000c0000000, 0x00000000c8000000, 0x00000000eab00000)
  object space 131072K, 59% used [0x00000000c0000000,0x00000000c4c3ab38,0x00000000c8000000)
 Metaspace       used 6849K, capacity 7384K, committed 7680K, reserved 1056768K
  class space    used 649K, capacity 656K, committed 768K, reserved 1048576K
Event: 5.384 GC heap after
Heap after GC invocations=6 (full 0):
 PSYoungGen      total 204800K, used 8192K [0x00000000eab00000, 0x00000000f7b00000, 0x0000000100000000)
  eden space 196608K, 0% used [0x00000000eab00000,0x00000000eab00000,0x00000000f6b00000)
  from space 8192K, 100% used [0x00000000f7300000,0x00000000f7b00000,0x00000000f7b00000)
  to   space 8192K, 0% used [0x00000000f6b00000,0x00000000f6b00000,0x00000000f7300000)
 ParOldGen       total 131072K, used 107540K [0x00000000c0000000, 0x00000000c8000000, 0x00000000eab00000)
  object space 131072K, 82% used [0x00000000c0000000,0x00000000c69050f8,0x00000000c8000000)
 Metaspace       used 6849K, capacity 7384K, committed 7680K, reserved 1056768K
  class space    used 649K, capacity 656K, committed 768K, reserved 1048576K
}
Event: 5.384 GC heap before
{Heap before GC invocations=7 (full 1):
 PSYoungGen      total 204800K, used 8192K [0x00000000eab00000, 0x00000000f7b00000, 0x0000000100000000)
  eden space 196608K, 0% used [0x00000000eab00000,0x00000000eab00000,0x00000000f6b00000)
  from space 8192K, 100% used [0x00000000f7300000,0x00000000f7b00000,0x00000000f7b00000)
  to   space 8192K, 0% used [0x00000000f6b00000,0x00000000f6b00000,0x00000000f7300000)
 ParOldGen       total 131072K, used 107540K [0x00000000c0000000, 0x00000000c8000000, 0x00000000eab00000)
  object space 131072K, 82% used [0x00000000c0000000,0x00000000c69050f8,0x00000000c8000000)
 Metaspace       used 6849K, capacity 7384K, committed 7680K, reserved 1056768K
  class space    used 649K, capacity 656K, committed 768K, reserved 1048576K
Event: 6.223 GC heap after
Heap after GC invocations=7 (full 1):
 PSYoungGen      total 204800K, used 0K [0x00000000eab00000, 0x00000000f7b00000, 0x0000000100000000)
  eden space 196608K, 0% used [0x00000000eab00000,0x00000000eab00000,0x00000000f6b00000)
  from space 8192K, 0% used [0x00000000f7300000,0x00000000f7300000,0x00000000f7b00000)
  to   space 8192K, 0% used [0x00000000f6b00000,0x00000000f6b00000,0x00000000f7300000)
 ParOldGen       total 131072K, used 109050K [0x00000000c0000000, 0x00000000c8000000, 0x00000000eab00000)
  object space 131072K, 83% used [0x00000000c0000000,0x00000000c6a7e860,0x00000000c8000000)
 Metaspace       used 6849K, capacity 7384K, committed 7680K, reserved 1056768K
  class space    used 649K, capacity 656K, committed 768K, reserved 1048576K
}
Event: 7.201 GC heap before
{Heap before GC invocations=8 (full 2):
 PSYoungGen      total 204800K, used 196608K [0x00000000eab00000, 0x00000000f7b00000, 0x0000000100000000)
  eden space 196608K, 100% used [0x00000000eab00000,0x00000000f6b00000,0x00000000f6b00000)
  from space 8192K, 0% used [0x00000000f7300000,0x00000000f7300000,0x00000000f7b00000)
  to   space 8192K, 0% used [0x00000000f6b00000,0x00000000f6b00000,0x00000000f7300000)
 ParOldGen       total 131072K, used 109050K [0x00000000c0000000, 0x00000000c8000000, 0x00000000eab00000)
  object space 131072K, 83% used [0x00000000c0000000,0x00000000c6a7e860,0x00000000c8000000)
 Metaspace       used 6862K, capacity 7384K, committed 7680K, reserved 1056768K
  class space    used 649K, capacity 656K, committed 768K, reserved 1048576K
Event: 7.905 GC heap after
Heap after GC invocations=8 (full 2):
 PSYoungGen      total 204800K, used 4491K [0x00000000eab00000, 0x00000000f7b00000, 0x0000000100000000)
  eden space 196608K, 2% used [0x00000000eab00000,0x00000000eaf62c80,0x00000000f6b00000)
  from space 8192K, 0% used [0x00000000f7300000,0x00000000f7300000,0x00000000f7b00000)
  to   space 8192K, 0% used [0x00000000f6b00000,0x00000000f6b00000,0x00000000f7300000)
 ParOldGen       total 131072K, used 130970K [0x00000000c0000000, 0x00000000c8000000, 0x00000000eab00000)
  object space 131072K, 99% used [0x00000000c0000000,0x00000000c7fe68b0,0x00000000c8000000)
 Metaspace       used 6862K, capacity 7384K, committed 7680K, reserved 1056768K
  class space    used 649K, capacity 656K, committed 768K, reserved 1048576K
}
Event: 9.031 GC heap before
{Heap before GC invocations=9 (full 3):
 PSYoungGen      total 204800K, used 196608K [0x00000000eab00000, 0x00000000f7b00000, 0x0000000100000000)
  eden space 196608K, 100% used [0x00000000eab00000,0x00000000f6b00000,0x00000000f6b00000)
  from space 8192K, 0% used [0x00000000f7300000,0x00000000f7300000,0x00000000f7b00000)
  to   space 8192K, 0% used [0x00000000f6b00000,0x00000000f6b00000,0x00000000f7300000)
 ParOldGen       total 131072K, used 130970K [0x00000000c0000000, 0x00000000c8000000, 0x00000000eab00000)
  object space 131072K, 99% used [0x00000000c0000000,0x00000000c7fe68b0,0x00000000c8000000)
 Metaspace       used 6864K, capacity 7384K, committed 7680K, reserved 1056768K
  class space    used 649K, capacity 656K, committed 768K, reserved 1048576K
Event: 10.424 GC heap after
Heap after GC invocations=9 (full 3):
 PSYoungGen      total 204800K, used 31957K [0x00000000eab00000, 0x00000000f7b00000, 0x0000000100000000)
  eden space 196608K, 16% used [0x00000000eab00000,0x00000000eca35650,0x00000000f6b00000)
  from space 8192K, 0% used [0x00000000f7300000,0x00000000f7300000,0x00000000f7b00000)
  to   space 8192K, 0% used [0x00000000f6b00000,0x00000000f6b00000,0x00000000f7300000)
 ParOldGen       total 131072K, used 130597K [0x00000000c0000000, 0x00000000c8000000, 0x00000000eab00000)
  object space 131072K, 99% used [0x00000000c0000000,0x00000000c7f897e8,0x00000000c8000000)
 Metaspace       used 6864K, capacity 7384K, committed 7680K, reserved 1056768K
  class space    used 649K, capacity 656K, committed 768K, reserved 1048576K
}

