# JRE version: Java(TM) SE Runtime Environment (8.0_181-b13) (build 1.8.0_181-b13)
# Java VM: Java HotSpot(TM) 64-Bit Server VM (25.181-b13 mixed mode windows-amd64 compressed oops)
Heap:
 PSYoungGen      total 6656K, used 5782K [0x0000000780a00000, 0x0000000781300000, 0x00000007c0000000)
  eden space 5632K, 87% used [0x0000000780a00000,0x0000000780ecda18,0x0000000780f80000)
  from space 1024K, 84% used [0x0000000781100000,0x00000007811d8020,0x0000000781200000)
  to   space 1536K, 0% used [0x0000000780f80000,0x0000000780f80000,0x0000000781100000)
 ParOldGen       total 5632K, used 1004K [0x0000000701e00000, 0x0000000702380000, 0x0000000780a00000)
  object space 5632K, 17% used [0x0000000701e00000,0x0000000701efb060,0x0000000702380000)
 Metaspace       used 7346K, capacity 8212K, committed 8448K, reserved 1056768K
  class space    used 887K, capacity 912K, committed 1024K, reserved 1048576K
GC Heap History (10 events):
Event: 0.283 GC heap before
{Heap before GC invocations=2 (full 0):
 PSYoungGen      total 2048K, used 2016K [0x0000000780a00000, 0x0000000780c80000, 0x00000007c0000000)
  eden space 1536K, 100% used [0x0000000780a00000,0x0000000780b80000,0x0000000780b80000)
  from space 512K, 93% used [0x0000000780b80000,0x0000000780bf8020,0x0000000780c00000)
  to   space 512K, 0% used [0x0000000780c00000,0x0000000780c00000,0x0000000780c80000)
 ParOldGen       total 5632K, used 32K [0x0000000701e00000, 0x0000000702380000, 0x0000000780a00000)
  object space 5632K, 0% used [0x0000000701e00000,0x0000000701e08000,0x0000000702380000)
 Metaspace       used 4032K, capacity 5260K, committed 5504K, reserved 1056768K
  class space    used 473K, capacity 520K, committed 640K, reserved 1048576K
Event: 0.284 GC heap after
Heap after GC invocations=2 (full 0):
 PSYoungGen      total 2048K, used 480K [0x0000000780a00000, 0x0000000780e00000, 0x00000007c0000000)
  eden space 1536K, 0% used [0x0000000780a00000,0x0000000780a00000,0x0000000780b80000)
  from space 512K, 93% used [0x0000000780c00000,0x0000000780c78020,0x0000000780c80000)
  to   space 512K, 0% used [0x0000000780b80000,0x0000000780b80000,0x0000000780c00000)
 ParOldGen       total 5632K, used 176K [0x0000000701e00000, 0x0000000702380000, 0x0000000780a00000)
  object space 5632K, 3% used [0x0000000701e00000,0x0000000701e2c000,0x0000000702380000)
 Metaspace       used 4032K, capacity 5260K, committed 5504K, reserved 1056768K
  class space    used 473K, capacity 520K, committed 640K, reserved 1048576K
}
Event: 0.357 GC heap before
{Heap before GC invocations=3 (full 0):
 PSYoungGen      total 2048K, used 2016K [0x0000000780a00000, 0x0000000780e00000, 0x00000007c0000000)
  eden space 1536K, 100% used [0x0000000780a00000,0x0000000780b80000,0x0000000780b80000)
  from space 512K, 93% used [0x0000000780c00000,0x0000000780c78020,0x0000000780c80000)
  to   space 512K, 0% used [0x0000000780b80000,0x0000000780b80000,0x0000000780c00000)
 ParOldGen       total 5632K, used 176K [0x0000000701e00000, 0x0000000702380000, 0x0000000780a00000)
  object space 5632K, 3% used [0x0000000701e00000,0x0000000701e2c000,0x0000000702380000)
 Metaspace       used 4553K, capacity 5772K, committed 6016K, reserved 1056768K
  class space    used 550K, capacity 584K, committed 640K, reserved 1048576K
Event: 0.358 GC heap after
Heap after GC invocations=3 (full 0):
 PSYoungGen      total 2048K, used 496K [0x0000000780a00000, 0x0000000780e00000, 0x00000007c0000000)
  eden space 1536K, 0% used [0x0000000780a00000,0x0000000780a00000,0x0000000780b80000)
  from space 512K, 96% used [0x0000000780b80000,0x0000000780bfc010,0x0000000780c00000)
  to   space 512K, 0% used [0x0000000780d80000,0x0000000780d80000,0x0000000780e00000)
 ParOldGen       total 5632K, used 592K [0x0000000701e00000, 0x0000000702380000, 0x0000000780a00000)
  object space 5632K, 10% used [0x0000000701e00000,0x0000000701e94020,0x0000000702380000)
 Metaspace       used 4553K, capacity 5772K, committed 6016K, reserved 1056768K
  class space    used 550K, capacity 584K, committed 640K, reserved 1048576K
}
Event: 0.447 GC heap before
{Heap before GC invocations=4 (full 0):
 PSYoungGen      total 2048K, used 2032K [0x0000000780a00000, 0x0000000780e00000, 0x00000007c0000000)
  eden space 1536K, 100% used [0x0000000780a00000,0x0000000780b80000,0x0000000780b80000)
  from space 512K, 96% used [0x0000000780b80000,0x0000000780bfc010,0x0000000780c00000)
  to   space 512K, 0% used [0x0000000780d80000,0x0000000780d80000,0x0000000780e00000)
 ParOldGen       total 5632K, used 592K [0x0000000701e00000, 0x0000000702380000, 0x0000000780a00000)
  object space 5632K, 10% used [0x0000000701e00000,0x0000000701e94020,0x0000000702380000)
 Metaspace       used 5062K, capacity 6220K, committed 6400K, reserved 1056768K
  class space    used 621K, capacity 648K, committed 768K, reserved 1048576K
Event: 0.448 GC heap after
Heap after GC invocations=4 (full 0):
 PSYoungGen      total 3584K, used 496K [0x0000000780a00000, 0x0000000780e00000, 0x00000007c0000000)
  eden space 3072K, 0% used [0x0000000780a00000,0x0000000780a00000,0x0000000780d00000)
  from space 512K, 96% used [0x0000000780d80000,0x0000000780dfc010,0x0000000780e00000)
  to   space 512K, 0% used [0x0000000780d00000,0x0000000780d00000,0x0000000780d80000)
 ParOldGen       total 5632K, used 648K [0x0000000701e00000, 0x0000000702380000, 0x0000000780a00000)
  object space 5632K, 11% used [0x0000000701e00000,0x0000000701ea2020,0x0000000702380000)
 Metaspace       used 5062K, capacity 6220K, committed 6400K, reserved 1056768K
  class space    used 621K, capacity 648K, committed 768K, reserved 1048576K
}
Event: 0.558 GC heap before
{Heap before GC invocations=5 (full 0):
 PSYoungGen      total 3584K, used 3568K [0x0000000780a00000, 0x0000000780e00000, 0x00000007c0000000)
  eden space 3072K, 100% used [0x0000000780a00000,0x0000000780d00000,0x0000000780d00000)
  from space 512K, 96% used [0x0000000780d80000,0x0000000780dfc010,0x0000000780e00000)
  to   space 512K, 0% used [0x0000000780d00000,0x0000000780d00000,0x0000000780d80000)
 ParOldGen       total 5632K, used 648K [0x0000000701e00000, 0x0000000702380000, 0x0000000780a00000)
  object space 5632K, 11% used [0x0000000701e00000,0x0000000701ea2020,0x0000000702380000)
 Metaspace       used 6123K, capacity 7180K, committed 7552K, reserved 1056768K
  class space    used 768K, capacity 776K, committed 896K, reserved 1048576K
Event: 0.561 GC heap after
Heap after GC invocations=5 (full 0):
 PSYoungGen      total 3584K, used 480K [0x0000000780a00000, 0x0000000781200000, 0x00000007c0000000)
  eden space 3072K, 0% used [0x0000000780a00000,0x0000000780a00000,0x0000000780d00000)
  from space 512K, 93% used [0x0000000780d00000,0x0000000780d78020,0x0000000780d80000)
  to   space 1024K, 0% used [0x0000000781100000,0x0000000781100000,0x0000000781200000)
 ParOldGen       total 5632K, used 996K [0x0000000701e00000, 0x0000000702380000, 0x0000000780a00000)
  object space 5632K, 17% used [0x0000000701e00000,0x0000000701ef9060,0x0000000702380000)
 Metaspace       used 6123K, capacity 7180K, committed 7552K, reserved 1056768K
  class space    used 768K, capacity 776K, committed 896K, reserved 1048576K
}
Event: 0.709 GC heap before
{Heap before GC invocations=6 (full 0):
 PSYoungGen      total 3584K, used 2799K [0x0000000780a00000, 0x0000000781200000, 0x00000007c0000000)
  eden space 3072K, 75% used [0x0000000780a00000,0x0000000780c43c20,0x0000000780d00000)
  from space 512K, 93% used [0x0000000780d00000,0x0000000780d78020,0x0000000780d80000)
  to   space 1024K, 0% used [0x0000000781100000,0x0000000781100000,0x0000000781200000)
 ParOldGen       total 5632K, used 996K [0x0000000701e00000, 0x0000000702380000, 0x0000000780a00000)
  object space 5632K, 17% used [0x0000000701e00000,0x0000000701ef9060,0x0000000702380000)
 Metaspace       used 6968K, capacity 7892K, committed 8192K, reserved 1056768K
  class space    used 867K, capacity 912K, committed 1024K, reserved 1048576K
Event: 0.712 GC heap after
Heap after GC invocations=6 (full 0):
 PSYoungGen      total 6656K, used 864K [0x0000000780a00000, 0x0000000781300000, 0x00000007c0000000)
  eden space 5632K, 0% used [0x0000000780a00000,0x0000000780a00000,0x0000000780f80000)
  from space 1024K, 84% used [0x0000000781100000,0x00000007811d8020,0x0000000781200000)
  to   space 1536K, 0% used [0x0000000780f80000,0x0000000780f80000,0x0000000781100000)
 ParOldGen       total 5632K, used 1004K [0x0000000701e00000, 0x0000000702380000, 0x0000000780a00000)
  object space 5632K, 17% used [0x0000000701e00000,0x0000000701efb060,0x0000000702380000)
 Metaspace       used 6968K, capacity 7892K, committed 8192K, reserved 1056768K
  class space    used 867K, capacity 912K, committed 1024K, reserved 1048576K
}

